xmelab(64): 22.03-s012: (c) Copyright 1995-2023 Cadence Design Systems, Inc.
TOOL:	xmelab(64)	22.03-s012: Started on Jul 01, 2026 at 02:28:25 KST
xmelab
    -MESS
    -access rwc
    tb_gpio_mux

	Elaborating the design hierarchy:
		Caching library 'work_lib' ....... Done
	Building instance overlay tables: .................... Done
	Generating native compiled code:
		work_lib.gpio_mux:module <0x4800e80b>
			streams:   1, words:  1407
		work_lib.tb_gpio_mux:module <0x5baf0bb9>
			streams:   7, words:  4291
	Building instance specific data structures.
	Loading native compiled code:     .................... Done
	Design hierarchy summary:
		                 Instances  Unique
		Modules:                 2       2
		Registers:               6       6
		Scalar wires:            6       -
		Vectored wires:          1       -
		Always blocks:           1       1
		Initial blocks:          2       2
		Pseudo assignments:      5       5
		Simulation timescale:  1ps
	Writing initial simulation snapshot: work_lib.tb_gpio_mux:module
TOOL:	xmelab(64)	22.03-s012: Exiting on Jul 01, 2026 at 02:28:25 KST  (total: 00:00:00)
