xmelab(64): 22.03-s012: (c) Copyright 1995-2023 Cadence Design Systems, Inc.
TOOL:	xmelab(64)	22.03-s012: Started on Jun 30, 2026 at 22:38:53 KST
xmelab
    -MESS
    -access rwc
    tb_pipeline

	Elaborating the design hierarchy:
		Caching library 'work_lib' ....... Done
	Building instance overlay tables: .................... Done
	Generating native compiled code:
		work_lib.pipeline:module <0x5c5ed928>
			streams:   9, words:  3027
		work_lib.tb_pipeline:module <0x1818a9dc>
			streams:   8, words:  6638
	Building instance specific data structures.
	Loading native compiled code:     .................... Done
	Design hierarchy summary:
		                 Instances  Unique
		Modules:                 2       2
		Registers:               8       8
		Scalar wires:            2       -
		Vectored wires:          4       -
		Always blocks:           4       4
		Initial blocks:          2       2
		Pseudo assignments:      5       5
		Simulation timescale:  1ps
	Writing initial simulation snapshot: work_lib.tb_pipeline:module
TOOL:	xmelab(64)	22.03-s012: Exiting on Jun 30, 2026 at 22:38:53 KST  (total: 00:00:00)
